<?xml version="1.0" encoding="UTF-8"?>
<!-- Generated by org.testng.reporters.JUnitXMLReporter -->
<testsuite ignored="2" hostname="DESKTOP-NUIJU8C" failures="0" tests="2" name="Test" time="38.369" errors="0" timestamp="2022-03-13T10:07:10 IST">
  <testcase classname="testcases.LoginTest" name="externalDataTest" time="9.773"/>
  <testcase classname="testcases.LoginTest" name="paramTest" time="14.515"/>
  <testcase classname="testcases.BaseClass" name="@BeforeTest dataSetup" time="0.0">
    <ignored/>
  </testcase> <!-- @BeforeTest dataSetup -->
  <testcase classname="testcases.BaseClass" name="@AfterTest DataTearDown" time="0.0">
    <ignored/>
  </testcase> <!-- @AfterTest DataTearDown -->
</testsuite> <!-- Test -->
