<?xml version="1.0" encoding="UTF-8"?>
<!-- Generated by org.testng.reporters.JUnitXMLReporter -->
<testsuite hostname="DESKTOP-NUIJU8C" ignored="2" name="Test" tests="2" failures="0" timestamp="2022-03-13T10:21:26 IST" time="58.468" errors="0">
  <testcase name="externalDataTest" time="14.588" classname="testcases.LoginTest"/>
  <testcase name="paramTest" time="21.347" classname="testcases.LoginTest"/>
  <testcase name="@AfterTest DataTearDown" time="0.0" classname="testcases.BaseClass">
    <ignored/>
  </testcase> <!-- @AfterTest DataTearDown -->
  <testcase name="@BeforeTest dataSetup" time="0.0" classname="testcases.BaseClass">
    <ignored/>
  </testcase> <!-- @BeforeTest dataSetup -->
</testsuite> <!-- Test -->
