<?xml version="1.0" encoding="UTF-8"?>
<!-- Generated by org.testng.reporters.JUnitXMLReporter -->
<testsuite hostname="DESKTOP-NUIJU8C" ignored="2" name="Test" tests="3" failures="0" timestamp="2022-03-19T10:03:02 IST" time="61.386" errors="0">
  <testcase name="externalDataTest" time="11.979" classname="testcases.LoginTest"/>
  <testcase name="loginFailureTest" time="16.27" classname="testcases.LoginTest"/>
  <testcase name="paramTest" time="11.215" classname="testcases.LoginTest"/>
  <testcase name="@AfterTest DataTearDown" time="0.0" classname="testcases.BaseClass">
    <ignored/>
  </testcase> <!-- @AfterTest DataTearDown -->
  <testcase name="@BeforeTest dataSetup" time="0.0" classname="testcases.BaseClass">
    <ignored/>
  </testcase> <!-- @BeforeTest dataSetup -->
</testsuite> <!-- Test -->
