<?xml version="1.0" encoding="UTF-8"?>
<testng-results skipped="0" failed="0" ignored="2" total="5" passed="3">
  <reporter-output>
  </reporter-output>
  <suite name="Suite" duration-ms="61386" started-at="2022-03-19T10:02:01 IST" finished-at="2022-03-19T10:03:02 IST">
    <groups>
    </groups>
    <test name="Test" duration-ms="61386" started-at="2022-03-19T10:02:01 IST" finished-at="2022-03-19T10:03:02 IST">
      <class name="testcases.LoginTest">
        <test-method status="PASS" signature="dataSetup()[pri:0, instance:testcases.LoginTest@2781e022]" name="dataSetup" is-config="true" duration-ms="1657" started-at="2022-03-19T10:02:01 IST" finished-at="2022-03-19T10:02:03 IST">
          <reporter-output>
          </reporter-output>
        </test-method> <!-- dataSetup -->
        <test-method status="PASS" signature="setUp(java.lang.reflect.Method)[pri:0, instance:testcases.LoginTest@2781e022]" name="setUp" is-config="true" duration-ms="8404" started-at="2022-03-19T10:02:03 IST" finished-at="2022-03-19T10:02:11 IST">
          <params>
            <param index="0">
              <value>
                <![CDATA[public void testcases.LoginTest.externalDataTest()]]>
              </value>
            </param>
          </params>
          <reporter-output>
          </reporter-output>
        </test-method> <!-- setUp -->
        <test-method status="PASS" signature="beforeMethod()[pri:0, instance:testcases.LoginTest@2781e022]" name="beforeMethod" is-config="true" duration-ms="120" started-at="2022-03-19T10:02:11 IST" finished-at="2022-03-19T10:02:11 IST">
          <reporter-output>
          </reporter-output>
        </test-method> <!-- beforeMethod -->
        <test-method status="PASS" signature="externalDataTest()[pri:0, instance:testcases.LoginTest@2781e022]" name="externalDataTest" duration-ms="11979" started-at="2022-03-19T10:02:11 IST" finished-at="2022-03-19T10:02:23 IST">
          <reporter-output>
          </reporter-output>
        </test-method> <!-- externalDataTest -->
        <test-method status="PASS" signature="tearDown()[pri:0, instance:testcases.LoginTest@2781e022]" name="tearDown" is-config="true" duration-ms="840" started-at="2022-03-19T10:02:23 IST" finished-at="2022-03-19T10:02:24 IST">
          <reporter-output>
          </reporter-output>
        </test-method> <!-- tearDown -->
        <test-method status="PASS" signature="setUp(java.lang.reflect.Method)[pri:0, instance:testcases.LoginTest@2781e022]" name="setUp" is-config="true" duration-ms="4257" started-at="2022-03-19T10:02:24 IST" finished-at="2022-03-19T10:02:28 IST">
          <params>
            <param index="0">
              <value>
                <![CDATA[public void testcases.LoginTest.loginFailureTest()]]>
              </value>
            </param>
          </params>
          <reporter-output>
          </reporter-output>
        </test-method> <!-- setUp -->
        <test-method status="PASS" signature="beforeMethod()[pri:0, instance:testcases.LoginTest@2781e022]" name="beforeMethod" is-config="true" duration-ms="0" started-at="2022-03-19T10:02:28 IST" finished-at="2022-03-19T10:02:28 IST">
          <reporter-output>
          </reporter-output>
        </test-method> <!-- beforeMethod -->
        <test-method status="PASS" signature="loginFailureTest()[pri:0, instance:testcases.LoginTest@2781e022]" name="loginFailureTest" duration-ms="16270" started-at="2022-03-19T10:02:28 IST" finished-at="2022-03-19T10:02:45 IST">
          <reporter-output>
          </reporter-output>
        </test-method> <!-- loginFailureTest -->
        <test-method status="PASS" signature="tearDown()[pri:0, instance:testcases.LoginTest@2781e022]" name="tearDown" is-config="true" duration-ms="839" started-at="2022-03-19T10:02:45 IST" finished-at="2022-03-19T10:02:46 IST">
          <reporter-output>
          </reporter-output>
        </test-method> <!-- tearDown -->
        <test-method status="PASS" signature="setUp(java.lang.reflect.Method)[pri:0, instance:testcases.LoginTest@2781e022]" name="setUp" is-config="true" duration-ms="4277" started-at="2022-03-19T10:02:46 IST" finished-at="2022-03-19T10:02:50 IST">
          <params>
            <param index="0">
              <value>
                <![CDATA[public void testcases.LoginTest.paramTest(java.lang.String,java.lang.String)]]>
              </value>
            </param>
          </params>
          <reporter-output>
          </reporter-output>
        </test-method> <!-- setUp -->
        <test-method status="PASS" signature="beforeMethod()[pri:0, instance:testcases.LoginTest@2781e022]" name="beforeMethod" is-config="true" duration-ms="1" started-at="2022-03-19T10:02:50 IST" finished-at="2022-03-19T10:02:50 IST">
          <reporter-output>
          </reporter-output>
        </test-method> <!-- beforeMethod -->
        <test-method status="PASS" signature="paramTest(java.lang.String,java.lang.String)[pri:0, instance:testcases.LoginTest@2781e022]" name="paramTest" duration-ms="11215" started-at="2022-03-19T10:02:50 IST" finished-at="2022-03-19T10:03:01 IST">
          <params>
            <param index="0">
              <value>
                <![CDATA[abc@xyz.com]]>
              </value>
            </param>
            <param index="1">
              <value>
                <![CDATA[Abc1234@1]]>
              </value>
            </param>
          </params>
          <reporter-output>
          </reporter-output>
        </test-method> <!-- paramTest -->
        <test-method status="PASS" signature="tearDown()[pri:0, instance:testcases.LoginTest@2781e022]" name="tearDown" is-config="true" duration-ms="792" started-at="2022-03-19T10:03:01 IST" finished-at="2022-03-19T10:03:02 IST">
          <reporter-output>
          </reporter-output>
        </test-method> <!-- tearDown -->
        <test-method status="PASS" signature="DataTearDown()[pri:0, instance:testcases.LoginTest@2781e022]" name="DataTearDown" is-config="true" duration-ms="654" started-at="2022-03-19T10:03:02 IST" finished-at="2022-03-19T10:03:02 IST">
          <reporter-output>
          </reporter-output>
        </test-method> <!-- DataTearDown -->
      </class> <!-- testcases.LoginTest -->
    </test> <!-- Test -->
  </suite> <!-- Suite -->
</testng-results>
