<?xml version="1.0" encoding="UTF-8"?>
<testng-results ignored="2" total="4" passed="2" failed="0" skipped="0">
  <reporter-output>
  </reporter-output>
  <suite started-at="2022-03-13T10:06:32 IST" name="Suite" finished-at="2022-03-13T10:07:10 IST" duration-ms="38369">
    <groups>
    </groups>
    <test started-at="2022-03-13T10:06:32 IST" name="Test" finished-at="2022-03-13T10:07:10 IST" duration-ms="38369">
      <class name="testcases.LoginTest">
        <test-method is-config="true" signature="dataSetup()[pri:0, instance:testcases.LoginTest@614ca7df]" started-at="2022-03-13T10:06:32 IST" name="dataSetup" finished-at="2022-03-13T10:06:33 IST" duration-ms="1486" status="PASS">
          <reporter-output>
          </reporter-output>
        </test-method> <!-- dataSetup -->
        <test-method is-config="true" signature="setUp(java.lang.reflect.Method)[pri:0, instance:testcases.LoginTest@614ca7df]" started-at="2022-03-13T10:06:33 IST" name="setUp" finished-at="2022-03-13T10:06:39 IST" duration-ms="6285" status="PASS">
          <params>
            <param index="0">
              <value>
                <![CDATA[public void testcases.LoginTest.externalDataTest()]]>
              </value>
            </param>
          </params>
          <reporter-output>
          </reporter-output>
        </test-method> <!-- setUp -->
        <test-method is-config="true" signature="beforeMethod()[pri:0, instance:testcases.LoginTest@614ca7df]" started-at="2022-03-13T10:06:39 IST" name="beforeMethod" finished-at="2022-03-13T10:06:39 IST" duration-ms="107" status="PASS">
          <reporter-output>
          </reporter-output>
        </test-method> <!-- beforeMethod -->
        <test-method signature="externalDataTest()[pri:0, instance:testcases.LoginTest@614ca7df]" started-at="2022-03-13T10:06:39 IST" name="externalDataTest" finished-at="2022-03-13T10:06:49 IST" duration-ms="9773" status="PASS">
          <reporter-output>
          </reporter-output>
        </test-method> <!-- externalDataTest -->
        <test-method is-config="true" signature="tearDown()[pri:0, instance:testcases.LoginTest@614ca7df]" started-at="2022-03-13T10:06:49 IST" name="tearDown" finished-at="2022-03-13T10:06:50 IST" duration-ms="313" status="PASS">
          <reporter-output>
          </reporter-output>
        </test-method> <!-- tearDown -->
        <test-method is-config="true" signature="setUp(java.lang.reflect.Method)[pri:0, instance:testcases.LoginTest@614ca7df]" started-at="2022-03-13T10:06:50 IST" name="setUp" finished-at="2022-03-13T10:06:54 IST" duration-ms="4353" status="PASS">
          <params>
            <param index="0">
              <value>
                <![CDATA[public void testcases.LoginTest.paramTest(java.lang.String,java.lang.String)]]>
              </value>
            </param>
          </params>
          <reporter-output>
          </reporter-output>
        </test-method> <!-- setUp -->
        <test-method is-config="true" signature="beforeMethod()[pri:0, instance:testcases.LoginTest@614ca7df]" started-at="2022-03-13T10:06:54 IST" name="beforeMethod" finished-at="2022-03-13T10:06:54 IST" duration-ms="1" status="PASS">
          <reporter-output>
          </reporter-output>
        </test-method> <!-- beforeMethod -->
        <test-method signature="paramTest(java.lang.String,java.lang.String)[pri:0, instance:testcases.LoginTest@614ca7df]" started-at="2022-03-13T10:06:54 IST" name="paramTest" finished-at="2022-03-13T10:07:08 IST" duration-ms="14515" status="PASS">
          <params>
            <param index="0">
              <value>
                <![CDATA[abc@xyz.com]]>
              </value>
            </param>
            <param index="1">
              <value>
                <![CDATA[Abc1234@1]]>
              </value>
            </param>
          </params>
          <reporter-output>
          </reporter-output>
        </test-method> <!-- paramTest -->
        <test-method is-config="true" signature="tearDown()[pri:0, instance:testcases.LoginTest@614ca7df]" started-at="2022-03-13T10:07:08 IST" name="tearDown" finished-at="2022-03-13T10:07:09 IST" duration-ms="677" status="PASS">
          <reporter-output>
          </reporter-output>
        </test-method> <!-- tearDown -->
        <test-method is-config="true" signature="DataTearDown()[pri:0, instance:testcases.LoginTest@614ca7df]" started-at="2022-03-13T10:07:09 IST" name="DataTearDown" finished-at="2022-03-13T10:07:10 IST" duration-ms="761" status="PASS">
          <reporter-output>
          </reporter-output>
        </test-method> <!-- DataTearDown -->
      </class> <!-- testcases.LoginTest -->
    </test> <!-- Test -->
  </suite> <!-- Suite -->
</testng-results>
